<?xml version="1.0" encoding="utf-8"?><testsuites name="pytest tests"><testsuite name="pytest" errors="0" failures="0" skipped="0" tests="41" time="0.420" timestamp="2026-03-16T05:45:23.953757+08:00" hostname="LAPTOP-CUNNAH3V"><testcase classname="tests.test_a_star.TestDynamicAStar" name="test_algorithm_initialization" time="0.001" /><testcase classname="tests.test_a_star.TestDynamicAStar" name="test_heuristic_function" time="0.001" /><testcase classname="tests.test_a_star.TestDynamicAStar" name="test_calculate_edge_cost" time="0.001" /><testcase classname="tests.test_a_star.TestDynamicAStar" name="test_find_path_basic" time="0.001" /><testcase classname="tests.test_a_star.TestDynamicAStar" name="test_find_path_same_start_goal" time="0.001" /><testcase classname="tests.test_a_star.TestDynamicAStar" name="test_find_path_alpha_zero" time="0.001" /><testcase classname="tests.test_a_star.TestDynamicAStar" name="test_find_path_invalid_nodes" time="0.001" /><testcase classname="tests.test_a_star.TestDynamicAStar" name="test_compare_alphas" time="0.001" /><testcase classname="tests.test_a_star.TestDynamicAStar" name="test_analyze_path_sensitivity" time="0.001" /><testcase classname="tests.test_a_star.TestDynamicAStar" name="test_path_reconstruction" time="0.001" /><testcase classname="tests.test_a_star.TestDynamicAStar" name="test_time_sensitivity" time="0.001" /><testcase classname="tests.test_a_star.TestDynamicAStar" name="test_algorithm_validation" time="0.002" /><testcase classname="tests.test_a_star.TestDynamicAStar" name="test_cache_usage" time="0.001" /><testcase classname="tests.test_a_star.TestDynamicAStar" name="test_edge_cost_formula" time="0.001" /><testcase classname="tests.test_a_star.TestDynamicAStar" name="test_performance" time="0.001" /><testcase classname="tests.test_a_star.TestDynamicAStar" name="test_path_validation" time="0.001" /><testcase classname="tests.test_integration.TestIntegration" name="test_end_to_end_path_planning" time="0.002" /><testcase classname="tests.test_integration.TestIntegration" name="test_path_comparison" time="0.002" /><testcase classname="tests.test_integration.TestIntegration" name="test_route_analysis" time="0.002" /><testcase classname="tests.test_integration.TestIntegration" name="test_campus_info" time="0.001" /><testcase classname="tests.test_integration.TestIntegration" name="test_path_report_export" time="0.001" /><testcase classname="tests.test_integration.TestIntegration" name="test_cache_functionality" time="0.001" /><testcase classname="tests.test_integration.TestIntegration" name="test_alternative_routes" time="0.001" /><testcase classname="tests.test_integration.TestIntegration" name="test_performance_scenarios" time="0.001" /><testcase classname="tests.test_integration.TestIntegration" name="test_alpha_sensitivity_integration" time="0.002" /><testcase classname="tests.test_integration.TestIntegration" name="test_error_handling" time="0.001" /><testcase classname="tests.test_integration.TestIntegration" name="test_data_consistency" time="0.001" /><testcase classname="tests.test_integration.TestIntegration" name="test_system_validation" time="0.002" /><testcase classname="tests.test_rule_engine.TestTimeRuleEngine" name="test_peak_period_detection" time="0.000" /><testcase classname="tests.test_rule_engine.TestTimeRuleEngine" name="test_congestion_factor_off_peak" time="0.000" /><testcase classname="tests.test_rule_engine.TestTimeRuleEngine" name="test_congestion_factor_lunch_peak" time="0.000" /><testcase classname="tests.test_rule_engine.TestTimeRuleEngine" name="test_congestion_factor_dinner_peak" time="0.000" /><testcase classname="tests.test_rule_engine.TestTimeRuleEngine" name="test_congestion_factor_evening_study_peak" time="0.001" /><testcase classname="tests.test_rule_engine.TestTimeRuleEngine" name="test_edge_congestion_details" time="0.000" /><testcase classname="tests.test_rule_engine.TestTimeRuleEngine" name="test_peak_period_info" time="0.000" /><testcase classname="tests.test_rule_engine.TestTimeRuleEngine" name="test_rule_validation" time="0.000" /><testcase classname="tests.test_rule_engine.TestTimeRuleEngine" name="test_time_boundary_cases" time="0.000" /><testcase classname="tests.test_rule_engine.TestTimeRuleEngine" name="test_daily_congestion_pattern" time="0.001" /><testcase classname="tests.test_rule_engine.TestTimeRuleEngine" name="test_randomness_control" time="0.000" /><testcase classname="tests.test_rule_engine.TestTimeRuleEngine" name="test_area_peak_mapping" time="0.000" /><testcase classname="tests.test_rule_engine.TestTimeRuleEngine" name="test_congestion_description" time="0.001" /></testsuite></testsuites>